<?xml version="1.0" encoding="UTF-8"?>
<!-- Generated by org.testng.reporters.JUnitReportReporter -->
<testsuite hostname="DESKTOP-20MCM0J" failures="0" tests="1" name="demogit.Demo" time="0.023" errors="0" timestamp="2023-08-03T20:08:38 IST" skipped="0">
  <testcase classname="demogit.Demo" name="show" time="0.023"/>
  <system-out/>
</testsuite> <!-- demogit.Demo -->
